2025-05-23 11:28:37,794 - INFO - Logger initialized. Logs will be saved to logs\training_20250523_112837.log
2025-05-23 11:28:37,795 - INFO - Starting training process
2025-05-23 11:28:37,795 - INFO - Using device: cuda
2025-05-23 11:28:37,795 - INFO - CUDNN benchmark enabled for RTX 4070 optimization
2025-05-23 11:28:37,795 - INFO - CUDA graphs enabled for repeated operations
2025-05-23 11:28:37,795 - INFO - CUDA graph batch size: 256
2025-05-23 11:28:37,796 - INFO - CUDA graph warmup iterations: 3
2025-05-23 11:28:37,796 - INFO - Creating new model
2025-05-23 11:28:38,561 - INFO - Starting iteration 1
2025-05-23 11:28:38,564 - INFO - Using 100 MCTS simulations
2025-05-23 11:28:38,564 - INFO - Starting iteration 2
2025-05-23 11:28:38,564 - INFO - Using 100 MCTS simulations
2025-05-23 11:28:38,564 - INFO - Starting iteration 3
2025-05-23 11:28:38,564 - INFO - Using 100 MCTS simulations
2025-05-23 11:28:38,564 - INFO - Starting iteration 4
2025-05-23 11:28:38,565 - INFO - Using 100 MCTS simulations
2025-05-23 11:28:38,565 - INFO - Starting iteration 5
2025-05-23 11:28:38,565 - INFO - Using 100 MCTS simulations
2025-05-23 11:28:38,565 - INFO - Starting iteration 6
2025-05-23 11:28:38,565 - INFO - Using 100 MCTS simulations
2025-05-23 11:28:38,565 - INFO - Starting iteration 7
2025-05-23 11:28:38,565 - INFO - Using 100 MCTS simulations
2025-05-23 11:28:38,566 - INFO - Starting iteration 8
2025-05-23 11:28:38,566 - INFO - Using 100 MCTS simulations
2025-05-23 11:28:38,566 - INFO - Starting iteration 9
2025-05-23 11:28:38,566 - INFO - Using 100 MCTS simulations
2025-05-23 11:28:38,566 - INFO - Starting iteration 10
2025-05-23 11:28:38,566 - INFO - Using 100 MCTS simulations
2025-05-23 11:28:38,566 - INFO - Starting iteration 11
2025-05-23 11:28:38,566 - INFO - Using 100 MCTS simulations
2025-05-23 11:28:38,567 - INFO - Starting iteration 12
2025-05-23 11:28:38,567 - INFO - Using 100 MCTS simulations
2025-05-23 11:28:38,567 - INFO - Starting iteration 13
2025-05-23 11:28:38,567 - INFO - Using 100 MCTS simulations
2025-05-23 11:28:38,567 - INFO - Starting iteration 14
2025-05-23 11:28:38,567 - INFO - Using 100 MCTS simulations
2025-05-23 11:28:38,567 - INFO - Starting iteration 15
2025-05-23 11:28:38,567 - INFO - Using 100 MCTS simulations
2025-05-23 11:28:38,568 - INFO - Starting iteration 16
2025-05-23 11:28:38,568 - INFO - Using 100 MCTS simulations
2025-05-23 11:28:38,568 - INFO - Starting iteration 17
2025-05-23 11:28:38,568 - INFO - Using 100 MCTS simulations
2025-05-23 11:28:38,568 - INFO - Starting iteration 18
2025-05-23 11:28:38,568 - INFO - Using 100 MCTS simulations
2025-05-23 11:28:38,568 - INFO - Starting iteration 19
2025-05-23 11:28:38,569 - INFO - Using 100 MCTS simulations
2025-05-23 11:28:38,569 - INFO - Starting iteration 20
2025-05-23 11:28:38,569 - INFO - Using 100 MCTS simulations
2025-05-23 11:28:38,569 - INFO - Starting iteration 21
2025-05-23 11:28:38,569 - INFO - Using 100 MCTS simulations
2025-05-23 11:28:38,569 - INFO - Starting iteration 22
2025-05-23 11:28:38,569 - INFO - Using 100 MCTS simulations
2025-05-23 11:28:38,570 - INFO - Starting iteration 23
2025-05-23 11:28:38,570 - INFO - Using 100 MCTS simulations
2025-05-23 11:28:38,570 - INFO - Starting iteration 24
2025-05-23 11:28:38,570 - INFO - Using 100 MCTS simulations
2025-05-23 11:28:38,570 - INFO - Starting iteration 25
2025-05-23 11:28:38,570 - INFO - Using 100 MCTS simulations
2025-05-23 11:28:38,570 - INFO - Starting iteration 26
2025-05-23 11:28:38,570 - INFO - Using 100 MCTS simulations
2025-05-23 11:28:38,571 - INFO - Starting iteration 27
2025-05-23 11:28:38,571 - INFO - Using 100 MCTS simulations
2025-05-23 11:28:38,571 - INFO - Starting iteration 28
2025-05-23 11:28:38,571 - INFO - Using 100 MCTS simulations
2025-05-23 11:28:38,571 - INFO - Starting iteration 29
2025-05-23 11:28:38,571 - INFO - Using 100 MCTS simulations
2025-05-23 11:28:38,571 - INFO - Starting iteration 30
2025-05-23 11:28:38,571 - INFO - Using 100 MCTS simulations
2025-05-23 11:28:38,571 - INFO - Starting iteration 31
2025-05-23 11:28:38,572 - INFO - Using 100 MCTS simulations
2025-05-23 11:28:38,572 - INFO - Starting iteration 32
2025-05-23 11:28:38,572 - INFO - Using 100 MCTS simulations
2025-05-23 11:28:38,572 - INFO - Starting iteration 33
2025-05-23 11:28:38,572 - INFO - Using 100 MCTS simulations
2025-05-23 11:28:38,572 - INFO - Starting iteration 34
2025-05-23 11:28:38,572 - INFO - Using 100 MCTS simulations
2025-05-23 11:28:38,572 - INFO - Starting iteration 35
2025-05-23 11:28:38,573 - INFO - Using 100 MCTS simulations
2025-05-23 11:28:38,573 - INFO - Starting iteration 36
2025-05-23 11:28:38,573 - INFO - Using 100 MCTS simulations
2025-05-23 11:28:38,573 - INFO - Starting iteration 37
2025-05-23 11:28:38,573 - INFO - Using 100 MCTS simulations
2025-05-23 11:28:38,573 - INFO - Starting iteration 38
2025-05-23 11:28:38,573 - INFO - Using 100 MCTS simulations
2025-05-23 11:28:38,573 - INFO - Starting iteration 39
2025-05-23 11:28:38,573 - INFO - Using 100 MCTS simulations
2025-05-23 11:28:38,574 - INFO - Starting iteration 40
2025-05-23 11:28:38,574 - INFO - Using 100 MCTS simulations
2025-05-23 11:28:38,574 - INFO - Starting iteration 41
2025-05-23 11:28:38,574 - INFO - Using 100 MCTS simulations
2025-05-23 11:28:38,574 - INFO - Starting iteration 42
2025-05-23 11:28:38,574 - INFO - Using 100 MCTS simulations
2025-05-23 11:28:38,574 - INFO - Starting iteration 43
2025-05-23 11:28:38,574 - INFO - Using 100 MCTS simulations
2025-05-23 11:28:38,574 - INFO - Starting iteration 44
2025-05-23 11:28:38,575 - INFO - Using 100 MCTS simulations
2025-05-23 11:28:38,575 - INFO - Starting iteration 45
2025-05-23 11:28:38,575 - INFO - Using 100 MCTS simulations
2025-05-23 11:28:38,575 - INFO - Starting iteration 46
2025-05-23 11:28:38,575 - INFO - Using 100 MCTS simulations
2025-05-23 11:28:38,575 - INFO - Starting iteration 47
2025-05-23 11:28:38,575 - INFO - Using 100 MCTS simulations
2025-05-23 11:28:38,575 - INFO - Starting iteration 48
2025-05-23 11:28:38,575 - INFO - Using 100 MCTS simulations
2025-05-23 11:28:38,576 - INFO - Starting iteration 49
2025-05-23 11:28:38,576 - INFO - Using 100 MCTS simulations
2025-05-23 11:28:38,576 - INFO - Starting iteration 50
2025-05-23 11:28:38,576 - INFO - Using 100 MCTS simulations
2025-05-23 11:28:38,576 - INFO - Starting iteration 51
2025-05-23 11:28:38,576 - INFO - Using 100 MCTS simulations
2025-05-23 11:28:38,576 - INFO - Starting iteration 52
2025-05-23 11:28:38,576 - INFO - Using 100 MCTS simulations
2025-05-23 11:28:38,577 - INFO - Starting iteration 53
2025-05-23 11:28:38,577 - INFO - Using 100 MCTS simulations
2025-05-23 11:28:38,577 - INFO - Starting iteration 54
2025-05-23 11:28:38,577 - INFO - Using 100 MCTS simulations
2025-05-23 11:28:38,577 - INFO - Starting iteration 55
2025-05-23 11:28:38,577 - INFO - Using 100 MCTS simulations
2025-05-23 11:28:38,577 - INFO - Starting iteration 56
2025-05-23 11:28:38,577 - INFO - Using 100 MCTS simulations
2025-05-23 11:28:38,577 - INFO - Starting iteration 57
2025-05-23 11:28:38,578 - INFO - Using 100 MCTS simulations
2025-05-23 11:28:38,578 - INFO - Starting iteration 58
2025-05-23 11:28:38,578 - INFO - Using 100 MCTS simulations
2025-05-23 11:28:38,578 - INFO - Starting iteration 59
2025-05-23 11:28:38,578 - INFO - Using 100 MCTS simulations
2025-05-23 11:28:38,578 - INFO - Starting iteration 60
2025-05-23 11:28:38,578 - INFO - Using 100 MCTS simulations
2025-05-23 11:28:38,578 - INFO - Starting iteration 61
2025-05-23 11:28:38,578 - INFO - Using 100 MCTS simulations
2025-05-23 11:28:38,579 - INFO - Starting iteration 62
2025-05-23 11:28:38,579 - INFO - Using 100 MCTS simulations
2025-05-23 11:28:38,579 - INFO - Starting iteration 63
2025-05-23 11:28:38,579 - INFO - Using 100 MCTS simulations
2025-05-23 11:28:38,579 - INFO - Starting iteration 64
2025-05-23 11:28:38,579 - INFO - Using 102 MCTS simulations
2025-05-23 11:28:38,579 - INFO - Starting iteration 65
2025-05-23 11:28:38,579 - INFO - Using 104 MCTS simulations
2025-05-23 11:28:38,579 - INFO - Starting iteration 66
2025-05-23 11:28:38,580 - INFO - Using 105 MCTS simulations
2025-05-23 11:28:38,580 - INFO - Starting iteration 67
2025-05-23 11:28:38,580 - INFO - Using 107 MCTS simulations
2025-05-23 11:28:38,580 - INFO - Starting iteration 68
2025-05-23 11:28:38,580 - INFO - Using 108 MCTS simulations
2025-05-23 11:28:38,580 - INFO - Starting iteration 69
2025-05-23 11:28:38,580 - INFO - Using 110 MCTS simulations
2025-05-23 11:28:38,580 - INFO - Starting iteration 70
2025-05-23 11:28:38,581 - INFO - Using 112 MCTS simulations
2025-05-23 11:28:38,581 - INFO - Starting iteration 71
2025-05-23 11:28:38,581 - INFO - Using 113 MCTS simulations
2025-05-23 11:28:38,581 - INFO - Starting iteration 72
2025-05-23 11:28:38,581 - INFO - Using 115 MCTS simulations
2025-05-23 11:28:38,581 - INFO - Starting iteration 73
2025-05-23 11:28:38,581 - INFO - Using 116 MCTS simulations
2025-05-23 11:28:38,581 - INFO - Starting iteration 74
2025-05-23 11:28:38,581 - INFO - Using 118 MCTS simulations
2025-05-23 11:28:38,582 - INFO - Starting iteration 75
2025-05-23 11:28:38,582 - INFO - Using 120 MCTS simulations
2025-05-23 11:28:38,582 - INFO - Starting iteration 76
2025-05-23 11:28:38,582 - INFO - Using 121 MCTS simulations
2025-05-23 11:28:38,582 - INFO - Starting iteration 77
2025-05-23 11:28:38,582 - INFO - Using 123 MCTS simulations
2025-05-23 11:28:38,582 - INFO - Starting iteration 78
2025-05-23 11:28:38,582 - INFO - Using 124 MCTS simulations
2025-05-23 11:28:38,582 - INFO - Starting iteration 79
2025-05-23 11:28:38,583 - INFO - Using 126 MCTS simulations
2025-05-23 11:28:38,583 - INFO - Starting iteration 80
2025-05-23 11:28:38,583 - INFO - Using 128 MCTS simulations
2025-05-23 11:28:38,583 - INFO - Starting iteration 81
2025-05-23 11:28:38,583 - INFO - Using 129 MCTS simulations
2025-05-23 11:28:38,583 - INFO - Starting iteration 82
2025-05-23 11:28:38,583 - INFO - Using 131 MCTS simulations
2025-05-23 11:28:38,584 - INFO - Starting iteration 83
2025-05-23 11:28:38,584 - INFO - Using 132 MCTS simulations
2025-05-23 11:28:38,584 - INFO - Starting iteration 84
2025-05-23 11:28:38,584 - INFO - Using 134 MCTS simulations
2025-05-23 11:28:38,584 - INFO - Starting iteration 85
2025-05-23 11:28:38,584 - INFO - Using 136 MCTS simulations
2025-05-23 11:28:38,584 - INFO - Starting iteration 86
2025-05-23 11:28:38,584 - INFO - Using 137 MCTS simulations
2025-05-23 11:28:38,585 - INFO - Starting iteration 87
2025-05-23 11:28:38,585 - INFO - Using 139 MCTS simulations
2025-05-23 11:28:38,585 - INFO - Starting iteration 88
2025-05-23 11:28:38,585 - INFO - Using 140 MCTS simulations
2025-05-23 11:28:38,585 - INFO - Starting iteration 89
2025-05-23 11:28:38,585 - INFO - Using 142 MCTS simulations
2025-05-23 11:28:38,585 - INFO - Starting iteration 90
2025-05-23 11:28:38,585 - INFO - Using 144 MCTS simulations
2025-05-23 11:28:38,585 - INFO - Starting iteration 91
2025-05-23 11:28:38,586 - INFO - Using 145 MCTS simulations
2025-05-23 11:28:38,586 - INFO - Starting iteration 92
2025-05-23 11:28:38,586 - INFO - Using 147 MCTS simulations
2025-05-23 11:28:38,586 - INFO - Starting iteration 93
2025-05-23 11:28:38,586 - INFO - Using 148 MCTS simulations
2025-05-23 11:28:38,586 - INFO - Starting iteration 94
2025-05-23 11:28:38,586 - INFO - Using 150 MCTS simulations
2025-05-23 11:28:38,586 - INFO - Starting iteration 95
2025-05-23 11:28:38,586 - INFO - Using 152 MCTS simulations
2025-05-23 11:28:38,587 - INFO - Starting iteration 96
2025-05-23 11:28:38,587 - INFO - Using 153 MCTS simulations
2025-05-23 11:28:38,587 - INFO - Starting iteration 97
2025-05-23 11:28:38,587 - INFO - Using 155 MCTS simulations
2025-05-23 11:28:38,587 - INFO - Starting iteration 98
2025-05-23 11:28:38,587 - INFO - Using 156 MCTS simulations
2025-05-23 11:28:38,587 - INFO - Starting iteration 99
2025-05-23 11:28:38,587 - INFO - Using 158 MCTS simulations
2025-05-23 11:28:38,587 - INFO - Starting iteration 100
2025-05-23 11:28:38,588 - INFO - Using 160 MCTS simulations
2025-05-23 11:28:38,588 - INFO - Starting iteration 1
2025-05-23 11:29:15,558 - INFO - Game 0: Draw in 30 moves
2025-05-23 11:29:33,746 - INFO - Game 1: Draw in 13 moves
2025-05-23 11:29:44,641 - INFO - Game 2: Draw in 9 moves
2025-05-23 11:30:37,631 - INFO - Game 3: Draw in 35 moves
2025-05-23 11:30:49,779 - INFO - Game 4: Draw in 10 moves
2025-05-23 11:31:06,531 - INFO - Game 5: Draw in 12 moves
2025-05-23 11:31:40,080 - INFO - Game 6: Draw in 26 moves
2025-05-23 11:31:53,271 - INFO - Game 7: Draw in 11 moves
2025-05-23 11:32:08,057 - INFO - Game 8: Draw in 14 moves
2025-05-23 11:32:18,995 - INFO - Game 9: Draw in 10 moves
2025-05-23 11:32:41,249 - INFO - Game 10: Draw in 16 moves
2025-05-23 11:33:09,122 - INFO - Game 11: Draw in 19 moves
2025-05-23 11:33:46,285 - INFO - Game 12: Draw in 26 moves
2025-05-23 11:33:58,749 - INFO - Game 13: Draw in 10 moves
2025-05-23 11:34:14,719 - INFO - Game 14: Draw in 14 moves
2025-05-23 11:34:32,009 - INFO - Game 15: Draw in 13 moves
2025-05-23 11:35:02,174 - INFO - Game 16: Draw in 21 moves
2025-05-23 11:36:01,957 - INFO - Game 17: Draw in 39 moves
2025-05-23 11:36:12,050 - INFO - Game 18: Draw in 9 moves
2025-05-23 11:36:29,333 - INFO - Game 19: Draw in 12 moves
2025-05-23 11:36:40,216 - INFO - Game 20: Draw in 9 moves
2025-05-23 11:36:55,428 - INFO - Game 21: Draw in 12 moves
2025-05-23 11:37:12,438 - INFO - Game 22: Draw in 14 moves
2025-05-23 11:37:54,726 - INFO - Game 23: Draw in 31 moves
2025-05-23 11:38:09,450 - INFO - Game 24: Draw in 14 moves
2025-05-23 11:38:24,692 - INFO - Game 25: Draw in 11 moves
2025-05-23 11:39:27,364 - INFO - Game 26: Draw in 43 moves
2025-05-23 11:39:48,615 - INFO - Game 27: Draw in 15 moves
2025-05-23 11:40:28,823 - INFO - Game 28: Draw in 25 moves
2025-05-23 11:40:46,295 - INFO - Game 29: Draw in 12 moves
2025-05-23 11:41:19,977 - INFO - Game 30: Draw in 22 moves
2025-05-23 11:42:45,662 - INFO - Game 31: Draw in 54 moves
2025-05-23 11:44:02,348 - INFO - Game 32: Draw in 52 moves
2025-05-23 11:44:26,526 - INFO - Game 33: Draw in 20 moves
2025-05-23 11:44:59,929 - INFO - Game 34: Draw in 26 moves
2025-05-23 11:45:28,606 - INFO - Game 35: Draw in 22 moves
2025-05-23 11:46:04,813 - INFO - Game 36: Draw in 26 moves
2025-05-23 11:46:49,574 - INFO - Game 37: Draw in 34 moves
2025-05-23 11:47:15,189 - INFO - Game 38: Draw in 19 moves
2025-05-23 11:48:33,078 - INFO - Game 39: Draw in 52 moves
2025-05-23 11:48:44,582 - INFO - Game 40: Draw in 10 moves
2025-05-23 11:49:02,771 - INFO - Game 41: Draw in 15 moves
2025-05-23 11:49:50,027 - INFO - Game 42: Draw in 32 moves
2025-05-23 11:50:21,687 - INFO - Game 43: Draw in 21 moves
2025-05-23 11:51:07,752 - INFO - Game 44: Draw in 32 moves
2025-05-23 11:51:39,317 - INFO - Game 45: Draw in 24 moves
2025-05-23 11:52:18,539 - INFO - Game 46: Draw in 28 moves
2025-05-23 11:52:40,328 - INFO - Game 47: Draw in 16 moves
2025-05-23 11:53:22,865 - INFO - Game 48: Draw in 32 moves
2025-05-23 11:53:37,223 - INFO - Game 49: Draw in 11 moves
2025-05-23 11:53:37,223 - INFO - Self-play completed: 2187 examples generated in 1498.64s
