2025-05-23 17:16:51,849 - INFO - Logger initialized. Logs will be saved to logs\training_20250523_171651.log
2025-05-23 17:16:51,849 - INFO - Starting training process
2025-05-23 17:16:51,850 - INFO - Using device: cuda
2025-05-23 17:16:51,850 - INFO - CUDNN benchmark enabled for RTX 4070 optimization
2025-05-23 17:16:51,850 - INFO - CUDA graphs enabled for repeated operations
2025-05-23 17:16:51,850 - INFO - CUDA graph batch size: 256
2025-05-23 17:16:51,850 - INFO - CUDA graph warmup iterations: 3
2025-05-23 17:16:51,850 - INFO - Creating new model
2025-05-23 17:16:52,618 - INFO - Starting iteration 1
2025-05-23 17:16:52,621 - INFO - Using 100 MCTS simulations
2025-05-23 17:16:52,621 - INFO - Starting iteration 2
2025-05-23 17:16:52,621 - INFO - Using 100 MCTS simulations
2025-05-23 17:16:52,621 - INFO - Starting iteration 3
2025-05-23 17:16:52,621 - INFO - Using 100 MCTS simulations
2025-05-23 17:16:52,621 - INFO - Starting iteration 4
2025-05-23 17:16:52,622 - INFO - Using 100 MCTS simulations
2025-05-23 17:16:52,622 - INFO - Starting iteration 5
2025-05-23 17:16:52,622 - INFO - Using 100 MCTS simulations
2025-05-23 17:16:52,622 - INFO - Starting iteration 6
2025-05-23 17:16:52,622 - INFO - Using 100 MCTS simulations
2025-05-23 17:16:52,622 - INFO - Starting iteration 7
2025-05-23 17:16:52,622 - INFO - Using 100 MCTS simulations
2025-05-23 17:16:52,623 - INFO - Starting iteration 8
2025-05-23 17:16:52,623 - INFO - Using 100 MCTS simulations
2025-05-23 17:16:52,623 - INFO - Starting iteration 9
2025-05-23 17:16:52,623 - INFO - Using 100 MCTS simulations
2025-05-23 17:16:52,623 - INFO - Starting iteration 10
2025-05-23 17:16:52,623 - INFO - Using 100 MCTS simulations
2025-05-23 17:16:52,623 - INFO - Starting iteration 11
2025-05-23 17:16:52,623 - INFO - Using 100 MCTS simulations
2025-05-23 17:16:52,624 - INFO - Starting iteration 12
2025-05-23 17:16:52,624 - INFO - Using 100 MCTS simulations
2025-05-23 17:16:52,624 - INFO - Starting iteration 13
2025-05-23 17:16:52,624 - INFO - Using 100 MCTS simulations
2025-05-23 17:16:52,624 - INFO - Starting iteration 14
2025-05-23 17:16:52,624 - INFO - Using 100 MCTS simulations
2025-05-23 17:16:52,624 - INFO - Starting iteration 15
2025-05-23 17:16:52,625 - INFO - Using 100 MCTS simulations
2025-05-23 17:16:52,625 - INFO - Starting iteration 16
2025-05-23 17:16:52,625 - INFO - Using 100 MCTS simulations
2025-05-23 17:16:52,625 - INFO - Starting iteration 17
2025-05-23 17:16:52,625 - INFO - Using 100 MCTS simulations
2025-05-23 17:16:52,625 - INFO - Starting iteration 18
2025-05-23 17:16:52,625 - INFO - Using 100 MCTS simulations
2025-05-23 17:16:52,625 - INFO - Starting iteration 19
2025-05-23 17:16:52,626 - INFO - Using 100 MCTS simulations
2025-05-23 17:16:52,626 - INFO - Starting iteration 20
2025-05-23 17:16:52,626 - INFO - Using 100 MCTS simulations
2025-05-23 17:16:52,626 - INFO - Starting iteration 21
2025-05-23 17:16:52,626 - INFO - Using 100 MCTS simulations
2025-05-23 17:16:52,626 - INFO - Starting iteration 22
2025-05-23 17:16:52,626 - INFO - Using 100 MCTS simulations
2025-05-23 17:16:52,627 - INFO - Starting iteration 23
2025-05-23 17:16:52,627 - INFO - Using 100 MCTS simulations
2025-05-23 17:16:52,627 - INFO - Starting iteration 24
2025-05-23 17:16:52,627 - INFO - Using 100 MCTS simulations
2025-05-23 17:16:52,627 - INFO - Starting iteration 25
2025-05-23 17:16:52,627 - INFO - Using 100 MCTS simulations
2025-05-23 17:16:52,627 - INFO - Starting iteration 26
2025-05-23 17:16:52,627 - INFO - Using 100 MCTS simulations
2025-05-23 17:16:52,628 - INFO - Starting iteration 27
2025-05-23 17:16:52,628 - INFO - Using 100 MCTS simulations
2025-05-23 17:16:52,628 - INFO - Starting iteration 28
2025-05-23 17:16:52,628 - INFO - Using 100 MCTS simulations
2025-05-23 17:16:52,628 - INFO - Starting iteration 29
2025-05-23 17:16:52,628 - INFO - Using 100 MCTS simulations
2025-05-23 17:16:52,628 - INFO - Starting iteration 30
2025-05-23 17:16:52,628 - INFO - Using 100 MCTS simulations
2025-05-23 17:16:52,628 - INFO - Starting iteration 31
2025-05-23 17:16:52,629 - INFO - Using 100 MCTS simulations
2025-05-23 17:16:52,629 - INFO - Starting iteration 32
2025-05-23 17:16:52,629 - INFO - Using 100 MCTS simulations
2025-05-23 17:16:52,629 - INFO - Starting iteration 33
2025-05-23 17:16:52,629 - INFO - Using 100 MCTS simulations
2025-05-23 17:16:52,629 - INFO - Starting iteration 34
2025-05-23 17:16:52,629 - INFO - Using 100 MCTS simulations
2025-05-23 17:16:52,630 - INFO - Starting iteration 35
2025-05-23 17:16:52,630 - INFO - Using 100 MCTS simulations
2025-05-23 17:16:52,630 - INFO - Starting iteration 36
2025-05-23 17:16:52,630 - INFO - Using 100 MCTS simulations
2025-05-23 17:16:52,630 - INFO - Starting iteration 37
2025-05-23 17:16:52,630 - INFO - Using 100 MCTS simulations
2025-05-23 17:16:52,630 - INFO - Starting iteration 38
2025-05-23 17:16:52,630 - INFO - Using 100 MCTS simulations
2025-05-23 17:16:52,630 - INFO - Starting iteration 39
2025-05-23 17:16:52,631 - INFO - Using 100 MCTS simulations
2025-05-23 17:16:52,631 - INFO - Starting iteration 40
2025-05-23 17:16:52,631 - INFO - Using 100 MCTS simulations
2025-05-23 17:16:52,631 - INFO - Starting iteration 41
2025-05-23 17:16:52,631 - INFO - Using 100 MCTS simulations
2025-05-23 17:16:52,631 - INFO - Starting iteration 42
2025-05-23 17:16:52,631 - INFO - Using 100 MCTS simulations
2025-05-23 17:16:52,632 - INFO - Starting iteration 43
2025-05-23 17:16:52,632 - INFO - Using 100 MCTS simulations
2025-05-23 17:16:52,632 - INFO - Starting iteration 44
2025-05-23 17:16:52,632 - INFO - Using 100 MCTS simulations
2025-05-23 17:16:52,632 - INFO - Starting iteration 45
2025-05-23 17:16:52,632 - INFO - Using 100 MCTS simulations
2025-05-23 17:16:52,632 - INFO - Starting iteration 46
2025-05-23 17:16:52,632 - INFO - Using 100 MCTS simulations
2025-05-23 17:16:52,632 - INFO - Starting iteration 47
2025-05-23 17:16:52,633 - INFO - Using 100 MCTS simulations
2025-05-23 17:16:52,633 - INFO - Starting iteration 48
2025-05-23 17:16:52,633 - INFO - Using 100 MCTS simulations
2025-05-23 17:16:52,633 - INFO - Starting iteration 49
2025-05-23 17:16:52,633 - INFO - Using 100 MCTS simulations
2025-05-23 17:16:52,633 - INFO - Starting iteration 50
2025-05-23 17:16:52,633 - INFO - Using 100 MCTS simulations
2025-05-23 17:16:52,633 - INFO - Starting iteration 51
2025-05-23 17:16:52,633 - INFO - Using 100 MCTS simulations
2025-05-23 17:16:52,634 - INFO - Starting iteration 52
2025-05-23 17:16:52,634 - INFO - Using 100 MCTS simulations
2025-05-23 17:16:52,634 - INFO - Starting iteration 53
2025-05-23 17:16:52,634 - INFO - Using 100 MCTS simulations
2025-05-23 17:16:52,634 - INFO - Starting iteration 54
2025-05-23 17:16:52,634 - INFO - Using 100 MCTS simulations
2025-05-23 17:16:52,634 - INFO - Starting iteration 55
2025-05-23 17:16:52,634 - INFO - Using 100 MCTS simulations
2025-05-23 17:16:52,634 - INFO - Starting iteration 56
2025-05-23 17:16:52,635 - INFO - Using 100 MCTS simulations
2025-05-23 17:16:52,635 - INFO - Starting iteration 57
2025-05-23 17:16:52,635 - INFO - Using 100 MCTS simulations
2025-05-23 17:16:52,635 - INFO - Starting iteration 58
2025-05-23 17:16:52,635 - INFO - Using 100 MCTS simulations
2025-05-23 17:16:52,635 - INFO - Starting iteration 59
2025-05-23 17:16:52,635 - INFO - Using 100 MCTS simulations
2025-05-23 17:16:52,635 - INFO - Starting iteration 60
2025-05-23 17:16:52,635 - INFO - Using 100 MCTS simulations
2025-05-23 17:16:52,635 - INFO - Starting iteration 61
2025-05-23 17:16:52,636 - INFO - Using 100 MCTS simulations
2025-05-23 17:16:52,636 - INFO - Starting iteration 62
2025-05-23 17:16:52,636 - INFO - Using 100 MCTS simulations
2025-05-23 17:16:52,636 - INFO - Starting iteration 63
2025-05-23 17:16:52,636 - INFO - Using 100 MCTS simulations
2025-05-23 17:16:52,636 - INFO - Starting iteration 64
2025-05-23 17:16:52,636 - INFO - Using 102 MCTS simulations
2025-05-23 17:16:52,636 - INFO - Starting iteration 65
2025-05-23 17:16:52,637 - INFO - Using 104 MCTS simulations
2025-05-23 17:16:52,637 - INFO - Starting iteration 66
2025-05-23 17:16:52,637 - INFO - Using 105 MCTS simulations
2025-05-23 17:16:52,637 - INFO - Starting iteration 67
2025-05-23 17:16:52,637 - INFO - Using 107 MCTS simulations
2025-05-23 17:16:52,637 - INFO - Starting iteration 68
2025-05-23 17:16:52,637 - INFO - Using 108 MCTS simulations
2025-05-23 17:16:52,637 - INFO - Starting iteration 69
2025-05-23 17:16:52,637 - INFO - Using 110 MCTS simulations
2025-05-23 17:16:52,638 - INFO - Starting iteration 70
2025-05-23 17:16:52,638 - INFO - Using 112 MCTS simulations
2025-05-23 17:16:52,638 - INFO - Starting iteration 71
2025-05-23 17:16:52,638 - INFO - Using 113 MCTS simulations
2025-05-23 17:16:52,638 - INFO - Starting iteration 72
2025-05-23 17:16:52,638 - INFO - Using 115 MCTS simulations
2025-05-23 17:16:52,638 - INFO - Starting iteration 73
2025-05-23 17:16:52,638 - INFO - Using 116 MCTS simulations
2025-05-23 17:16:52,639 - INFO - Starting iteration 74
2025-05-23 17:16:52,639 - INFO - Using 118 MCTS simulations
2025-05-23 17:16:52,639 - INFO - Starting iteration 75
2025-05-23 17:16:52,639 - INFO - Using 120 MCTS simulations
2025-05-23 17:16:52,639 - INFO - Starting iteration 76
2025-05-23 17:16:52,639 - INFO - Using 121 MCTS simulations
2025-05-23 17:16:52,639 - INFO - Starting iteration 77
2025-05-23 17:16:52,639 - INFO - Using 123 MCTS simulations
2025-05-23 17:16:52,639 - INFO - Starting iteration 78
2025-05-23 17:16:52,639 - INFO - Using 124 MCTS simulations
2025-05-23 17:16:52,640 - INFO - Starting iteration 79
2025-05-23 17:16:52,640 - INFO - Using 126 MCTS simulations
2025-05-23 17:16:52,640 - INFO - Starting iteration 80
2025-05-23 17:16:52,640 - INFO - Using 128 MCTS simulations
2025-05-23 17:16:52,640 - INFO - Starting iteration 81
2025-05-23 17:16:52,640 - INFO - Using 129 MCTS simulations
2025-05-23 17:16:52,640 - INFO - Starting iteration 82
2025-05-23 17:16:52,640 - INFO - Using 131 MCTS simulations
2025-05-23 17:16:52,641 - INFO - Starting iteration 83
2025-05-23 17:16:52,641 - INFO - Using 132 MCTS simulations
2025-05-23 17:16:52,641 - INFO - Starting iteration 84
2025-05-23 17:16:52,641 - INFO - Using 134 MCTS simulations
2025-05-23 17:16:52,641 - INFO - Starting iteration 85
2025-05-23 17:16:52,641 - INFO - Using 136 MCTS simulations
2025-05-23 17:16:52,641 - INFO - Starting iteration 86
2025-05-23 17:16:52,641 - INFO - Using 137 MCTS simulations
2025-05-23 17:16:52,641 - INFO - Starting iteration 87
2025-05-23 17:16:52,642 - INFO - Using 139 MCTS simulations
2025-05-23 17:16:52,642 - INFO - Starting iteration 88
2025-05-23 17:16:52,642 - INFO - Using 140 MCTS simulations
2025-05-23 17:16:52,642 - INFO - Starting iteration 89
2025-05-23 17:16:52,642 - INFO - Using 142 MCTS simulations
2025-05-23 17:16:52,642 - INFO - Starting iteration 90
2025-05-23 17:16:52,642 - INFO - Using 144 MCTS simulations
2025-05-23 17:16:52,643 - INFO - Starting iteration 91
2025-05-23 17:16:52,643 - INFO - Using 145 MCTS simulations
2025-05-23 17:16:52,643 - INFO - Starting iteration 92
2025-05-23 17:16:52,643 - INFO - Using 147 MCTS simulations
2025-05-23 17:16:52,643 - INFO - Starting iteration 93
2025-05-23 17:16:52,643 - INFO - Using 148 MCTS simulations
2025-05-23 17:16:52,643 - INFO - Starting iteration 94
2025-05-23 17:16:52,643 - INFO - Using 150 MCTS simulations
2025-05-23 17:16:52,643 - INFO - Starting iteration 95
2025-05-23 17:16:52,644 - INFO - Using 152 MCTS simulations
2025-05-23 17:16:52,644 - INFO - Starting iteration 96
2025-05-23 17:16:52,644 - INFO - Using 153 MCTS simulations
2025-05-23 17:16:52,644 - INFO - Starting iteration 97
2025-05-23 17:16:52,644 - INFO - Using 155 MCTS simulations
2025-05-23 17:16:52,644 - INFO - Starting iteration 98
2025-05-23 17:16:52,644 - INFO - Using 156 MCTS simulations
2025-05-23 17:16:52,644 - INFO - Starting iteration 99
2025-05-23 17:16:52,645 - INFO - Using 158 MCTS simulations
2025-05-23 17:16:52,645 - INFO - Starting iteration 100
2025-05-23 17:16:52,645 - INFO - Using 160 MCTS simulations
2025-05-23 17:16:52,645 - INFO - Starting iteration 1
2025-05-23 17:17:29,537 - INFO - Game 0: Draw in 24 moves
2025-05-23 17:18:41,098 - INFO - Game 1: Draw in 49 moves
2025-05-23 17:19:32,876 - INFO - Game 2: Draw in 32 moves
2025-05-23 17:19:55,992 - INFO - Game 3: Draw in 19 moves
2025-05-23 17:20:17,820 - INFO - Game 4: Draw in 17 moves
2025-05-23 17:20:39,623 - INFO - Game 5: Draw in 14 moves
2025-05-23 17:21:14,540 - INFO - Game 6: Draw in 24 moves
2025-05-23 17:22:02,367 - INFO - Game 7: Draw in 30 moves
2025-05-23 17:22:30,001 - INFO - Game 8: Draw in 19 moves
2025-05-23 17:23:13,217 - INFO - Game 9: Draw in 34 moves
2025-05-23 17:23:38,079 - INFO - Game 10: Draw in 16 moves
2025-05-23 17:24:05,405 - INFO - Game 11: Draw in 21 moves
2025-05-23 17:24:40,809 - INFO - Game 12: Draw in 22 moves
2025-05-23 17:25:04,745 - INFO - Game 13: Draw in 21 moves
2025-05-23 17:25:39,700 - INFO - Game 14: Draw in 24 moves
2025-05-23 17:26:15,722 - INFO - Game 15: Draw in 24 moves
2025-05-23 17:26:59,727 - INFO - Game 16: Draw in 30 moves
2025-05-23 17:28:06,882 - INFO - Game 17: Draw in 43 moves
2025-05-23 17:29:40,952 - INFO - Game 18: Draw in 55 moves
2025-05-23 17:30:14,674 - INFO - Game 19: Draw in 26 moves
2025-05-23 17:30:33,139 - INFO - Game 20: Draw in 14 moves
2025-05-23 17:30:54,878 - INFO - Game 21: Draw in 16 moves
2025-05-23 17:31:16,365 - INFO - Game 22: Draw in 16 moves
2025-05-23 17:32:05,245 - INFO - Game 23: Draw in 37 moves
2025-05-23 17:32:31,862 - INFO - Game 24: Draw in 18 moves
2025-05-23 17:33:04,370 - INFO - Game 25: Draw in 26 moves
2025-05-23 17:33:21,059 - INFO - Game 26: Draw in 15 moves
2025-05-23 17:33:45,152 - INFO - Game 27: Draw in 17 moves
2025-05-23 17:34:03,293 - INFO - Game 28: Draw in 14 moves
2025-05-23 17:34:49,726 - INFO - Game 29: Draw in 32 moves
2025-05-23 17:35:10,799 - INFO - Game 30: Draw in 17 moves
2025-05-23 17:35:26,921 - INFO - Game 31: Draw in 13 moves
2025-05-23 17:35:58,650 - INFO - Game 32: Draw in 20 moves
2025-05-23 17:36:18,301 - INFO - Game 33: Draw in 14 moves
2025-05-23 17:36:39,207 - INFO - Game 34: Draw in 16 moves
2025-05-23 17:37:21,821 - INFO - Game 35: Draw in 28 moves
2025-05-23 17:37:52,560 - INFO - Game 36: Draw in 21 moves
2025-05-23 17:38:13,550 - INFO - Game 37: Draw in 17 moves
2025-05-23 17:38:44,357 - INFO - Game 38: Draw in 19 moves
2025-05-23 17:39:36,819 - INFO - Game 39: Draw in 32 moves
2025-05-23 17:40:03,695 - INFO - Game 40: Draw in 21 moves
2025-05-23 17:40:28,166 - INFO - Game 41: Draw in 20 moves
2025-05-23 17:40:42,431 - INFO - Game 42: Draw in 13 moves
2025-05-23 17:41:00,404 - INFO - Game 43: Draw in 16 moves
2025-05-23 17:41:11,000 - INFO - Game 44: Draw in 13 moves
2025-05-23 17:41:56,048 - INFO - Game 45: Draw in 33 moves
2025-05-23 17:42:19,171 - INFO - Game 46: Draw in 16 moves
2025-05-23 17:43:05,865 - INFO - Game 47: Draw in 33 moves
2025-05-23 17:43:24,518 - INFO - Game 48: Draw in 13 moves
2025-05-23 17:44:07,643 - INFO - Game 49: Draw in 28 moves
2025-05-23 17:44:07,644 - INFO - Self-play completed: 2342 examples generated in 1635.00s
