2025-05-23 12:30:20,715 - INFO - Logger initialized. Logs will be saved to logs\training_20250523_123020.log
2025-05-23 12:30:20,716 - INFO - Starting training process
2025-05-23 12:30:20,716 - INFO - Using device: cuda
2025-05-23 12:30:20,716 - INFO - CUDNN benchmark enabled for RTX 4070 optimization
2025-05-23 12:30:20,716 - INFO - CUDA graphs enabled for repeated operations
2025-05-23 12:30:20,716 - INFO - CUDA graph batch size: 256
2025-05-23 12:30:20,716 - INFO - CUDA graph warmup iterations: 3
2025-05-23 12:30:20,717 - INFO - Creating new model
2025-05-23 12:30:21,506 - INFO - Starting iteration 1
2025-05-23 12:30:21,508 - INFO - Using 100 MCTS simulations
2025-05-23 12:30:21,508 - INFO - Starting iteration 2
2025-05-23 12:30:21,508 - INFO - Using 100 MCTS simulations
2025-05-23 12:30:21,509 - INFO - Starting iteration 3
2025-05-23 12:30:21,509 - INFO - Using 100 MCTS simulations
2025-05-23 12:30:21,509 - INFO - Starting iteration 4
2025-05-23 12:30:21,509 - INFO - Using 100 MCTS simulations
2025-05-23 12:30:21,509 - INFO - Starting iteration 5
2025-05-23 12:30:21,509 - INFO - Using 100 MCTS simulations
2025-05-23 12:30:21,510 - INFO - Starting iteration 6
2025-05-23 12:30:21,510 - INFO - Using 100 MCTS simulations
2025-05-23 12:30:21,510 - INFO - Starting iteration 7
2025-05-23 12:30:21,510 - INFO - Using 100 MCTS simulations
2025-05-23 12:30:21,510 - INFO - Starting iteration 8
2025-05-23 12:30:21,510 - INFO - Using 100 MCTS simulations
2025-05-23 12:30:21,510 - INFO - Starting iteration 9
2025-05-23 12:30:21,510 - INFO - Using 100 MCTS simulations
2025-05-23 12:30:21,511 - INFO - Starting iteration 10
2025-05-23 12:30:21,511 - INFO - Using 100 MCTS simulations
2025-05-23 12:30:21,511 - INFO - Starting iteration 11
2025-05-23 12:30:21,511 - INFO - Using 100 MCTS simulations
2025-05-23 12:30:21,511 - INFO - Starting iteration 12
2025-05-23 12:30:21,511 - INFO - Using 100 MCTS simulations
2025-05-23 12:30:21,511 - INFO - Starting iteration 13
2025-05-23 12:30:21,512 - INFO - Using 100 MCTS simulations
2025-05-23 12:30:21,512 - INFO - Starting iteration 14
2025-05-23 12:30:21,512 - INFO - Using 100 MCTS simulations
2025-05-23 12:30:21,512 - INFO - Starting iteration 15
2025-05-23 12:30:21,512 - INFO - Using 100 MCTS simulations
2025-05-23 12:30:21,512 - INFO - Starting iteration 16
2025-05-23 12:30:21,512 - INFO - Using 100 MCTS simulations
2025-05-23 12:30:21,512 - INFO - Starting iteration 17
2025-05-23 12:30:21,513 - INFO - Using 100 MCTS simulations
2025-05-23 12:30:21,513 - INFO - Starting iteration 18
2025-05-23 12:30:21,513 - INFO - Using 100 MCTS simulations
2025-05-23 12:30:21,513 - INFO - Starting iteration 19
2025-05-23 12:30:21,513 - INFO - Using 100 MCTS simulations
2025-05-23 12:30:21,513 - INFO - Starting iteration 20
2025-05-23 12:30:21,513 - INFO - Using 100 MCTS simulations
2025-05-23 12:30:21,514 - INFO - Starting iteration 21
2025-05-23 12:30:21,514 - INFO - Using 100 MCTS simulations
2025-05-23 12:30:21,514 - INFO - Starting iteration 22
2025-05-23 12:30:21,514 - INFO - Using 100 MCTS simulations
2025-05-23 12:30:21,514 - INFO - Starting iteration 23
2025-05-23 12:30:21,514 - INFO - Using 100 MCTS simulations
2025-05-23 12:30:21,514 - INFO - Starting iteration 24
2025-05-23 12:30:21,514 - INFO - Using 100 MCTS simulations
2025-05-23 12:30:21,515 - INFO - Starting iteration 25
2025-05-23 12:30:21,515 - INFO - Using 100 MCTS simulations
2025-05-23 12:30:21,515 - INFO - Starting iteration 26
2025-05-23 12:30:21,515 - INFO - Using 100 MCTS simulations
2025-05-23 12:30:21,515 - INFO - Starting iteration 27
2025-05-23 12:30:21,515 - INFO - Using 100 MCTS simulations
2025-05-23 12:30:21,515 - INFO - Starting iteration 28
2025-05-23 12:30:21,515 - INFO - Using 100 MCTS simulations
2025-05-23 12:30:21,515 - INFO - Starting iteration 29
2025-05-23 12:30:21,516 - INFO - Using 100 MCTS simulations
2025-05-23 12:30:21,516 - INFO - Starting iteration 30
2025-05-23 12:30:21,516 - INFO - Using 100 MCTS simulations
2025-05-23 12:30:21,516 - INFO - Starting iteration 31
2025-05-23 12:30:21,516 - INFO - Using 100 MCTS simulations
2025-05-23 12:30:21,516 - INFO - Starting iteration 32
2025-05-23 12:30:21,516 - INFO - Using 100 MCTS simulations
2025-05-23 12:30:21,516 - INFO - Starting iteration 33
2025-05-23 12:30:21,517 - INFO - Using 100 MCTS simulations
2025-05-23 12:30:21,517 - INFO - Starting iteration 34
2025-05-23 12:30:21,517 - INFO - Using 100 MCTS simulations
2025-05-23 12:30:21,517 - INFO - Starting iteration 35
2025-05-23 12:30:21,517 - INFO - Using 100 MCTS simulations
2025-05-23 12:30:21,517 - INFO - Starting iteration 36
2025-05-23 12:30:21,517 - INFO - Using 100 MCTS simulations
2025-05-23 12:30:21,517 - INFO - Starting iteration 37
2025-05-23 12:30:21,517 - INFO - Using 100 MCTS simulations
2025-05-23 12:30:21,518 - INFO - Starting iteration 38
2025-05-23 12:30:21,518 - INFO - Using 100 MCTS simulations
2025-05-23 12:30:21,518 - INFO - Starting iteration 39
2025-05-23 12:30:21,518 - INFO - Using 100 MCTS simulations
2025-05-23 12:30:21,518 - INFO - Starting iteration 40
2025-05-23 12:30:21,518 - INFO - Using 100 MCTS simulations
2025-05-23 12:30:21,518 - INFO - Starting iteration 41
2025-05-23 12:30:21,519 - INFO - Using 100 MCTS simulations
2025-05-23 12:30:21,519 - INFO - Starting iteration 42
2025-05-23 12:30:21,519 - INFO - Using 100 MCTS simulations
2025-05-23 12:30:21,519 - INFO - Starting iteration 43
2025-05-23 12:30:21,519 - INFO - Using 100 MCTS simulations
2025-05-23 12:30:21,519 - INFO - Starting iteration 44
2025-05-23 12:30:21,519 - INFO - Using 100 MCTS simulations
2025-05-23 12:30:21,519 - INFO - Starting iteration 45
2025-05-23 12:30:21,520 - INFO - Using 100 MCTS simulations
2025-05-23 12:30:21,520 - INFO - Starting iteration 46
2025-05-23 12:30:21,520 - INFO - Using 100 MCTS simulations
2025-05-23 12:30:21,520 - INFO - Starting iteration 47
2025-05-23 12:30:21,520 - INFO - Using 100 MCTS simulations
2025-05-23 12:30:21,520 - INFO - Starting iteration 48
2025-05-23 12:30:21,520 - INFO - Using 100 MCTS simulations
2025-05-23 12:30:21,520 - INFO - Starting iteration 49
2025-05-23 12:30:21,520 - INFO - Using 100 MCTS simulations
2025-05-23 12:30:21,521 - INFO - Starting iteration 50
2025-05-23 12:30:21,521 - INFO - Using 100 MCTS simulations
2025-05-23 12:30:21,521 - INFO - Starting iteration 51
2025-05-23 12:30:21,521 - INFO - Using 100 MCTS simulations
2025-05-23 12:30:21,521 - INFO - Starting iteration 52
2025-05-23 12:30:21,521 - INFO - Using 100 MCTS simulations
2025-05-23 12:30:21,521 - INFO - Starting iteration 53
2025-05-23 12:30:21,521 - INFO - Using 100 MCTS simulations
2025-05-23 12:30:21,521 - INFO - Starting iteration 54
2025-05-23 12:30:21,522 - INFO - Using 100 MCTS simulations
2025-05-23 12:30:21,522 - INFO - Starting iteration 55
2025-05-23 12:30:21,522 - INFO - Using 100 MCTS simulations
2025-05-23 12:30:21,522 - INFO - Starting iteration 56
2025-05-23 12:30:21,522 - INFO - Using 100 MCTS simulations
2025-05-23 12:30:21,522 - INFO - Starting iteration 57
2025-05-23 12:30:21,522 - INFO - Using 100 MCTS simulations
2025-05-23 12:30:21,522 - INFO - Starting iteration 58
2025-05-23 12:30:21,522 - INFO - Using 100 MCTS simulations
2025-05-23 12:30:21,523 - INFO - Starting iteration 59
2025-05-23 12:30:21,523 - INFO - Using 100 MCTS simulations
2025-05-23 12:30:21,523 - INFO - Starting iteration 60
2025-05-23 12:30:21,523 - INFO - Using 100 MCTS simulations
2025-05-23 12:30:21,523 - INFO - Starting iteration 61
2025-05-23 12:30:21,523 - INFO - Using 100 MCTS simulations
2025-05-23 12:30:21,523 - INFO - Starting iteration 62
2025-05-23 12:30:21,523 - INFO - Using 100 MCTS simulations
2025-05-23 12:30:21,523 - INFO - Starting iteration 63
2025-05-23 12:30:21,524 - INFO - Using 100 MCTS simulations
2025-05-23 12:30:21,524 - INFO - Starting iteration 64
2025-05-23 12:30:21,524 - INFO - Using 102 MCTS simulations
2025-05-23 12:30:21,524 - INFO - Starting iteration 65
2025-05-23 12:30:21,524 - INFO - Using 104 MCTS simulations
2025-05-23 12:30:21,524 - INFO - Starting iteration 66
2025-05-23 12:30:21,524 - INFO - Using 105 MCTS simulations
2025-05-23 12:30:21,524 - INFO - Starting iteration 67
2025-05-23 12:30:21,524 - INFO - Using 107 MCTS simulations
2025-05-23 12:30:21,525 - INFO - Starting iteration 68
2025-05-23 12:30:21,525 - INFO - Using 108 MCTS simulations
2025-05-23 12:30:21,525 - INFO - Starting iteration 69
2025-05-23 12:30:21,525 - INFO - Using 110 MCTS simulations
2025-05-23 12:30:21,525 - INFO - Starting iteration 70
2025-05-23 12:30:21,525 - INFO - Using 112 MCTS simulations
2025-05-23 12:30:21,526 - INFO - Starting iteration 71
2025-05-23 12:30:21,526 - INFO - Using 113 MCTS simulations
2025-05-23 12:30:21,526 - INFO - Starting iteration 72
2025-05-23 12:30:21,526 - INFO - Using 115 MCTS simulations
2025-05-23 12:30:21,526 - INFO - Starting iteration 73
2025-05-23 12:30:21,526 - INFO - Using 116 MCTS simulations
2025-05-23 12:30:21,526 - INFO - Starting iteration 74
2025-05-23 12:30:21,526 - INFO - Using 118 MCTS simulations
2025-05-23 12:30:21,526 - INFO - Starting iteration 75
2025-05-23 12:30:21,527 - INFO - Using 120 MCTS simulations
2025-05-23 12:30:21,527 - INFO - Starting iteration 76
2025-05-23 12:30:21,527 - INFO - Using 121 MCTS simulations
2025-05-23 12:30:21,527 - INFO - Starting iteration 77
2025-05-23 12:30:21,527 - INFO - Using 123 MCTS simulations
2025-05-23 12:30:21,527 - INFO - Starting iteration 78
2025-05-23 12:30:21,527 - INFO - Using 124 MCTS simulations
2025-05-23 12:30:21,527 - INFO - Starting iteration 79
2025-05-23 12:30:21,527 - INFO - Using 126 MCTS simulations
2025-05-23 12:30:21,528 - INFO - Starting iteration 80
2025-05-23 12:30:21,528 - INFO - Using 128 MCTS simulations
2025-05-23 12:30:21,528 - INFO - Starting iteration 81
2025-05-23 12:30:21,528 - INFO - Using 129 MCTS simulations
2025-05-23 12:30:21,528 - INFO - Starting iteration 82
2025-05-23 12:30:21,528 - INFO - Using 131 MCTS simulations
2025-05-23 12:30:21,528 - INFO - Starting iteration 83
2025-05-23 12:30:21,528 - INFO - Using 132 MCTS simulations
2025-05-23 12:30:21,528 - INFO - Starting iteration 84
2025-05-23 12:30:21,529 - INFO - Using 134 MCTS simulations
2025-05-23 12:30:21,529 - INFO - Starting iteration 85
2025-05-23 12:30:21,529 - INFO - Using 136 MCTS simulations
2025-05-23 12:30:21,529 - INFO - Starting iteration 86
2025-05-23 12:30:21,529 - INFO - Using 137 MCTS simulations
2025-05-23 12:30:21,529 - INFO - Starting iteration 87
2025-05-23 12:30:21,529 - INFO - Using 139 MCTS simulations
2025-05-23 12:30:21,529 - INFO - Starting iteration 88
2025-05-23 12:30:21,529 - INFO - Using 140 MCTS simulations
2025-05-23 12:30:21,530 - INFO - Starting iteration 89
2025-05-23 12:30:21,530 - INFO - Using 142 MCTS simulations
2025-05-23 12:30:21,530 - INFO - Starting iteration 90
2025-05-23 12:30:21,530 - INFO - Using 144 MCTS simulations
2025-05-23 12:30:21,530 - INFO - Starting iteration 91
2025-05-23 12:30:21,530 - INFO - Using 145 MCTS simulations
2025-05-23 12:30:21,530 - INFO - Starting iteration 92
2025-05-23 12:30:21,530 - INFO - Using 147 MCTS simulations
2025-05-23 12:30:21,530 - INFO - Starting iteration 93
2025-05-23 12:30:21,531 - INFO - Using 148 MCTS simulations
2025-05-23 12:30:21,531 - INFO - Starting iteration 94
2025-05-23 12:30:21,531 - INFO - Using 150 MCTS simulations
2025-05-23 12:30:21,531 - INFO - Starting iteration 95
2025-05-23 12:30:21,531 - INFO - Using 152 MCTS simulations
2025-05-23 12:30:21,531 - INFO - Starting iteration 96
2025-05-23 12:30:21,531 - INFO - Using 153 MCTS simulations
2025-05-23 12:30:21,531 - INFO - Starting iteration 97
2025-05-23 12:30:21,531 - INFO - Using 155 MCTS simulations
2025-05-23 12:30:21,532 - INFO - Starting iteration 98
2025-05-23 12:30:21,532 - INFO - Using 156 MCTS simulations
2025-05-23 12:30:21,532 - INFO - Starting iteration 99
2025-05-23 12:30:21,532 - INFO - Using 158 MCTS simulations
2025-05-23 12:30:21,532 - INFO - Starting iteration 100
2025-05-23 12:30:21,532 - INFO - Using 160 MCTS simulations
2025-05-23 12:30:21,532 - INFO - Starting iteration 1
2025-05-23 12:30:53,467 - INFO - Game 0: Draw in 29 moves
2025-05-23 12:31:06,667 - INFO - Game 1: Draw in 10 moves
2025-05-23 12:31:36,039 - INFO - Game 2: Draw in 20 moves
2025-05-23 12:32:49,410 - INFO - Game 3: Draw in 44 moves
2025-05-23 12:33:21,790 - INFO - Game 4: Draw in 23 moves
2025-05-23 12:33:56,743 - INFO - Game 5: Draw in 26 moves
2025-05-23 12:34:11,609 - INFO - Game 6: Draw in 12 moves
2025-05-23 12:34:29,194 - INFO - Game 7: Draw in 13 moves
2025-05-23 12:34:39,596 - INFO - Game 8: Draw in 10 moves
2025-05-23 12:34:50,646 - INFO - Game 9: Draw in 9 moves
2025-05-23 12:35:14,536 - INFO - Game 10: Draw in 18 moves
2025-05-23 12:35:35,114 - INFO - Game 11: Draw in 14 moves
2025-05-23 12:36:07,673 - INFO - Game 12: Draw in 23 moves
2025-05-23 12:36:53,656 - INFO - Game 13: Draw in 32 moves
2025-05-23 12:37:24,997 - INFO - Game 14: Draw in 25 moves
2025-05-23 12:37:45,767 - INFO - Game 15: Draw in 16 moves
2025-05-23 12:37:59,792 - INFO - Game 16: Draw in 12 moves
2025-05-23 12:38:30,280 - INFO - Game 17: Draw in 21 moves
2025-05-23 12:38:41,997 - INFO - Game 18: Draw in 9 moves
2025-05-23 12:39:02,219 - INFO - Game 19: Draw in 17 moves
2025-05-23 12:39:46,775 - INFO - Game 20: Draw in 32 moves
2025-05-23 12:40:07,916 - INFO - Game 21: Draw in 17 moves
2025-05-23 12:40:34,727 - INFO - Game 22: Draw in 21 moves
2025-05-23 12:41:15,491 - INFO - Game 23: Draw in 27 moves
2025-05-23 12:41:23,275 - INFO - Game 24: Draw in 10 moves
2025-05-23 12:42:15,850 - INFO - Game 25: Draw in 36 moves
2025-05-23 12:42:37,259 - INFO - Game 26: Draw in 17 moves
2025-05-23 12:43:01,619 - INFO - Game 27: Draw in 17 moves
2025-05-23 12:43:19,354 - INFO - Game 28: Draw in 14 moves
2025-05-23 12:43:32,794 - INFO - Game 29: Draw in 14 moves
2025-05-23 12:44:10,563 - INFO - Game 30: Draw in 26 moves
2025-05-23 12:44:34,064 - INFO - Game 31: Draw in 16 moves
2025-05-23 12:44:48,095 - INFO - Game 32: Draw in 11 moves
2025-05-23 12:44:59,078 - INFO - Game 33: Draw in 9 moves
2025-05-23 12:45:27,730 - INFO - Game 34: Draw in 19 moves
2025-05-23 12:45:55,416 - INFO - Game 35: Draw in 20 moves
2025-05-23 12:46:25,859 - INFO - Game 36: Draw in 24 moves
2025-05-23 12:46:39,748 - INFO - Game 37: Draw in 11 moves
2025-05-23 12:47:21,003 - INFO - Game 38: Draw in 29 moves
2025-05-23 12:47:39,528 - INFO - Game 39: Draw in 14 moves
2025-05-23 12:48:24,274 - INFO - Game 40: Draw in 33 moves
2025-05-23 12:48:34,415 - INFO - Game 41: Draw in 9 moves
2025-05-23 12:48:48,465 - INFO - Game 42: Draw in 11 moves
2025-05-23 12:49:15,047 - INFO - Game 43: Draw in 20 moves
2025-05-23 12:49:57,012 - INFO - Game 44: Draw in 26 moves
2025-05-23 12:50:12,062 - INFO - Game 45: Draw in 12 moves
2025-05-23 12:50:26,547 - INFO - Game 46: Draw in 16 moves
2025-05-23 12:50:42,070 - INFO - Game 47: Draw in 11 moves
2025-05-23 12:51:45,912 - INFO - Game 48: Draw in 43 moves
2025-05-23 12:52:02,165 - INFO - Game 49: Draw in 13 moves
2025-05-23 12:52:02,166 - INFO - Self-play completed: 1961 examples generated in 1300.63s
