2025-05-23 13:11:59,918 - INFO - Logger initialized. Logs will be saved to logs\training_20250523_131159.log
2025-05-23 13:11:59,918 - INFO - Starting training process
2025-05-23 13:11:59,918 - INFO - Using device: cuda
2025-05-23 13:11:59,918 - INFO - CUDNN benchmark enabled for RTX 4070 optimization
2025-05-23 13:11:59,918 - INFO - CUDA graphs enabled for repeated operations
2025-05-23 13:11:59,919 - INFO - CUDA graph batch size: 256
2025-05-23 13:11:59,919 - INFO - CUDA graph warmup iterations: 3
2025-05-23 13:11:59,919 - INFO - Creating new model
2025-05-23 13:12:00,718 - INFO - Starting iteration 1
2025-05-23 13:12:00,720 - INFO - Using 100 MCTS simulations
2025-05-23 13:12:00,720 - INFO - Starting iteration 2
2025-05-23 13:12:00,721 - INFO - Using 100 MCTS simulations
2025-05-23 13:12:00,721 - INFO - Starting iteration 3
2025-05-23 13:12:00,721 - INFO - Using 100 MCTS simulations
2025-05-23 13:12:00,721 - INFO - Starting iteration 4
2025-05-23 13:12:00,721 - INFO - Using 100 MCTS simulations
2025-05-23 13:12:00,721 - INFO - Starting iteration 5
2025-05-23 13:12:00,721 - INFO - Using 100 MCTS simulations
2025-05-23 13:12:00,721 - INFO - Starting iteration 6
2025-05-23 13:12:00,722 - INFO - Using 100 MCTS simulations
2025-05-23 13:12:00,722 - INFO - Starting iteration 7
2025-05-23 13:12:00,722 - INFO - Using 100 MCTS simulations
2025-05-23 13:12:00,722 - INFO - Starting iteration 8
2025-05-23 13:12:00,722 - INFO - Using 100 MCTS simulations
2025-05-23 13:12:00,722 - INFO - Starting iteration 9
2025-05-23 13:12:00,722 - INFO - Using 100 MCTS simulations
2025-05-23 13:12:00,723 - INFO - Starting iteration 10
2025-05-23 13:12:00,723 - INFO - Using 100 MCTS simulations
2025-05-23 13:12:00,723 - INFO - Starting iteration 11
2025-05-23 13:12:00,723 - INFO - Using 100 MCTS simulations
2025-05-23 13:12:00,723 - INFO - Starting iteration 12
2025-05-23 13:12:00,723 - INFO - Using 100 MCTS simulations
2025-05-23 13:12:00,723 - INFO - Starting iteration 13
2025-05-23 13:12:00,723 - INFO - Using 100 MCTS simulations
2025-05-23 13:12:00,723 - INFO - Starting iteration 14
2025-05-23 13:12:00,724 - INFO - Using 100 MCTS simulations
2025-05-23 13:12:00,724 - INFO - Starting iteration 15
2025-05-23 13:12:00,724 - INFO - Using 100 MCTS simulations
2025-05-23 13:12:00,724 - INFO - Starting iteration 16
2025-05-23 13:12:00,724 - INFO - Using 100 MCTS simulations
2025-05-23 13:12:00,724 - INFO - Starting iteration 17
2025-05-23 13:12:00,724 - INFO - Using 100 MCTS simulations
2025-05-23 13:12:00,724 - INFO - Starting iteration 18
2025-05-23 13:12:00,724 - INFO - Using 100 MCTS simulations
2025-05-23 13:12:00,725 - INFO - Starting iteration 19
2025-05-23 13:12:00,725 - INFO - Using 100 MCTS simulations
2025-05-23 13:12:00,725 - INFO - Starting iteration 20
2025-05-23 13:12:00,725 - INFO - Using 100 MCTS simulations
2025-05-23 13:12:00,725 - INFO - Starting iteration 21
2025-05-23 13:12:00,725 - INFO - Using 100 MCTS simulations
2025-05-23 13:12:00,725 - INFO - Starting iteration 22
2025-05-23 13:12:00,726 - INFO - Using 100 MCTS simulations
2025-05-23 13:12:00,726 - INFO - Starting iteration 23
2025-05-23 13:12:00,726 - INFO - Using 100 MCTS simulations
2025-05-23 13:12:00,726 - INFO - Starting iteration 24
2025-05-23 13:12:00,726 - INFO - Using 100 MCTS simulations
2025-05-23 13:12:00,726 - INFO - Starting iteration 25
2025-05-23 13:12:00,726 - INFO - Using 100 MCTS simulations
2025-05-23 13:12:00,726 - INFO - Starting iteration 26
2025-05-23 13:12:00,727 - INFO - Using 100 MCTS simulations
2025-05-23 13:12:00,727 - INFO - Starting iteration 27
2025-05-23 13:12:00,727 - INFO - Using 100 MCTS simulations
2025-05-23 13:12:00,727 - INFO - Starting iteration 28
2025-05-23 13:12:00,727 - INFO - Using 100 MCTS simulations
2025-05-23 13:12:00,727 - INFO - Starting iteration 29
2025-05-23 13:12:00,727 - INFO - Using 100 MCTS simulations
2025-05-23 13:12:00,727 - INFO - Starting iteration 30
2025-05-23 13:12:00,728 - INFO - Using 100 MCTS simulations
2025-05-23 13:12:00,728 - INFO - Starting iteration 31
2025-05-23 13:12:00,728 - INFO - Using 100 MCTS simulations
2025-05-23 13:12:00,728 - INFO - Starting iteration 32
2025-05-23 13:12:00,728 - INFO - Using 100 MCTS simulations
2025-05-23 13:12:00,728 - INFO - Starting iteration 33
2025-05-23 13:12:00,728 - INFO - Using 100 MCTS simulations
2025-05-23 13:12:00,728 - INFO - Starting iteration 34
2025-05-23 13:12:00,728 - INFO - Using 100 MCTS simulations
2025-05-23 13:12:00,729 - INFO - Starting iteration 35
2025-05-23 13:12:00,729 - INFO - Using 100 MCTS simulations
2025-05-23 13:12:00,729 - INFO - Starting iteration 36
2025-05-23 13:12:00,729 - INFO - Using 100 MCTS simulations
2025-05-23 13:12:00,729 - INFO - Starting iteration 37
2025-05-23 13:12:00,729 - INFO - Using 100 MCTS simulations
2025-05-23 13:12:00,729 - INFO - Starting iteration 38
2025-05-23 13:12:00,729 - INFO - Using 100 MCTS simulations
2025-05-23 13:12:00,729 - INFO - Starting iteration 39
2025-05-23 13:12:00,730 - INFO - Using 100 MCTS simulations
2025-05-23 13:12:00,730 - INFO - Starting iteration 40
2025-05-23 13:12:00,730 - INFO - Using 100 MCTS simulations
2025-05-23 13:12:00,730 - INFO - Starting iteration 41
2025-05-23 13:12:00,730 - INFO - Using 100 MCTS simulations
2025-05-23 13:12:00,730 - INFO - Starting iteration 42
2025-05-23 13:12:00,730 - INFO - Using 100 MCTS simulations
2025-05-23 13:12:00,730 - INFO - Starting iteration 43
2025-05-23 13:12:00,731 - INFO - Using 100 MCTS simulations
2025-05-23 13:12:00,731 - INFO - Starting iteration 44
2025-05-23 13:12:00,731 - INFO - Using 100 MCTS simulations
2025-05-23 13:12:00,731 - INFO - Starting iteration 45
2025-05-23 13:12:00,731 - INFO - Using 100 MCTS simulations
2025-05-23 13:12:00,731 - INFO - Starting iteration 46
2025-05-23 13:12:00,731 - INFO - Using 100 MCTS simulations
2025-05-23 13:12:00,731 - INFO - Starting iteration 47
2025-05-23 13:12:00,731 - INFO - Using 100 MCTS simulations
2025-05-23 13:12:00,732 - INFO - Starting iteration 48
2025-05-23 13:12:00,732 - INFO - Using 100 MCTS simulations
2025-05-23 13:12:00,732 - INFO - Starting iteration 49
2025-05-23 13:12:00,732 - INFO - Using 100 MCTS simulations
2025-05-23 13:12:00,732 - INFO - Starting iteration 50
2025-05-23 13:12:00,732 - INFO - Using 100 MCTS simulations
2025-05-23 13:12:00,732 - INFO - Starting iteration 51
2025-05-23 13:12:00,732 - INFO - Using 100 MCTS simulations
2025-05-23 13:12:00,733 - INFO - Starting iteration 52
2025-05-23 13:12:00,733 - INFO - Using 100 MCTS simulations
2025-05-23 13:12:00,733 - INFO - Starting iteration 53
2025-05-23 13:12:00,733 - INFO - Using 100 MCTS simulations
2025-05-23 13:12:00,733 - INFO - Starting iteration 54
2025-05-23 13:12:00,733 - INFO - Using 100 MCTS simulations
2025-05-23 13:12:00,733 - INFO - Starting iteration 55
2025-05-23 13:12:00,733 - INFO - Using 100 MCTS simulations
2025-05-23 13:12:00,734 - INFO - Starting iteration 56
2025-05-23 13:12:00,734 - INFO - Using 100 MCTS simulations
2025-05-23 13:12:00,734 - INFO - Starting iteration 57
2025-05-23 13:12:00,734 - INFO - Using 100 MCTS simulations
2025-05-23 13:12:00,734 - INFO - Starting iteration 58
2025-05-23 13:12:00,734 - INFO - Using 100 MCTS simulations
2025-05-23 13:12:00,734 - INFO - Starting iteration 59
2025-05-23 13:12:00,734 - INFO - Using 100 MCTS simulations
2025-05-23 13:12:00,734 - INFO - Starting iteration 60
2025-05-23 13:12:00,735 - INFO - Using 100 MCTS simulations
2025-05-23 13:12:00,735 - INFO - Starting iteration 61
2025-05-23 13:12:00,735 - INFO - Using 100 MCTS simulations
2025-05-23 13:12:00,735 - INFO - Starting iteration 62
2025-05-23 13:12:00,735 - INFO - Using 100 MCTS simulations
2025-05-23 13:12:00,735 - INFO - Starting iteration 63
2025-05-23 13:12:00,735 - INFO - Using 100 MCTS simulations
2025-05-23 13:12:00,735 - INFO - Starting iteration 64
2025-05-23 13:12:00,735 - INFO - Using 102 MCTS simulations
2025-05-23 13:12:00,736 - INFO - Starting iteration 65
2025-05-23 13:12:00,736 - INFO - Using 104 MCTS simulations
2025-05-23 13:12:00,736 - INFO - Starting iteration 66
2025-05-23 13:12:00,736 - INFO - Using 105 MCTS simulations
2025-05-23 13:12:00,736 - INFO - Starting iteration 67
2025-05-23 13:12:00,736 - INFO - Using 107 MCTS simulations
2025-05-23 13:12:00,736 - INFO - Starting iteration 68
2025-05-23 13:12:00,736 - INFO - Using 108 MCTS simulations
2025-05-23 13:12:00,737 - INFO - Starting iteration 69
2025-05-23 13:12:00,737 - INFO - Using 110 MCTS simulations
2025-05-23 13:12:00,737 - INFO - Starting iteration 70
2025-05-23 13:12:00,737 - INFO - Using 112 MCTS simulations
2025-05-23 13:12:00,737 - INFO - Starting iteration 71
2025-05-23 13:12:00,737 - INFO - Using 113 MCTS simulations
2025-05-23 13:12:00,737 - INFO - Starting iteration 72
2025-05-23 13:12:00,737 - INFO - Using 115 MCTS simulations
2025-05-23 13:12:00,737 - INFO - Starting iteration 73
2025-05-23 13:12:00,738 - INFO - Using 116 MCTS simulations
2025-05-23 13:12:00,738 - INFO - Starting iteration 74
2025-05-23 13:12:00,738 - INFO - Using 118 MCTS simulations
2025-05-23 13:12:00,738 - INFO - Starting iteration 75
2025-05-23 13:12:00,738 - INFO - Using 120 MCTS simulations
2025-05-23 13:12:00,738 - INFO - Starting iteration 76
2025-05-23 13:12:00,738 - INFO - Using 121 MCTS simulations
2025-05-23 13:12:00,738 - INFO - Starting iteration 77
2025-05-23 13:12:00,739 - INFO - Using 123 MCTS simulations
2025-05-23 13:12:00,739 - INFO - Starting iteration 78
2025-05-23 13:12:00,739 - INFO - Using 124 MCTS simulations
2025-05-23 13:12:00,739 - INFO - Starting iteration 79
2025-05-23 13:12:00,739 - INFO - Using 126 MCTS simulations
2025-05-23 13:12:00,739 - INFO - Starting iteration 80
2025-05-23 13:12:00,739 - INFO - Using 128 MCTS simulations
2025-05-23 13:12:00,739 - INFO - Starting iteration 81
2025-05-23 13:12:00,740 - INFO - Using 129 MCTS simulations
2025-05-23 13:12:00,740 - INFO - Starting iteration 82
2025-05-23 13:12:00,740 - INFO - Using 131 MCTS simulations
2025-05-23 13:12:00,740 - INFO - Starting iteration 83
2025-05-23 13:12:00,740 - INFO - Using 132 MCTS simulations
2025-05-23 13:12:00,740 - INFO - Starting iteration 84
2025-05-23 13:12:00,740 - INFO - Using 134 MCTS simulations
2025-05-23 13:12:00,740 - INFO - Starting iteration 85
2025-05-23 13:12:00,741 - INFO - Using 136 MCTS simulations
2025-05-23 13:12:00,741 - INFO - Starting iteration 86
2025-05-23 13:12:00,741 - INFO - Using 137 MCTS simulations
2025-05-23 13:12:00,741 - INFO - Starting iteration 87
2025-05-23 13:12:00,741 - INFO - Using 139 MCTS simulations
2025-05-23 13:12:00,741 - INFO - Starting iteration 88
2025-05-23 13:12:00,741 - INFO - Using 140 MCTS simulations
2025-05-23 13:12:00,741 - INFO - Starting iteration 89
2025-05-23 13:12:00,741 - INFO - Using 142 MCTS simulations
2025-05-23 13:12:00,742 - INFO - Starting iteration 90
2025-05-23 13:12:00,742 - INFO - Using 144 MCTS simulations
2025-05-23 13:12:00,742 - INFO - Starting iteration 91
2025-05-23 13:12:00,742 - INFO - Using 145 MCTS simulations
2025-05-23 13:12:00,742 - INFO - Starting iteration 92
2025-05-23 13:12:00,742 - INFO - Using 147 MCTS simulations
2025-05-23 13:12:00,742 - INFO - Starting iteration 93
2025-05-23 13:12:00,742 - INFO - Using 148 MCTS simulations
2025-05-23 13:12:00,743 - INFO - Starting iteration 94
2025-05-23 13:12:00,743 - INFO - Using 150 MCTS simulations
2025-05-23 13:12:00,743 - INFO - Starting iteration 95
2025-05-23 13:12:00,743 - INFO - Using 152 MCTS simulations
2025-05-23 13:12:00,743 - INFO - Starting iteration 96
2025-05-23 13:12:00,743 - INFO - Using 153 MCTS simulations
2025-05-23 13:12:00,743 - INFO - Starting iteration 97
2025-05-23 13:12:00,743 - INFO - Using 155 MCTS simulations
2025-05-23 13:12:00,743 - INFO - Starting iteration 98
2025-05-23 13:12:00,744 - INFO - Using 156 MCTS simulations
2025-05-23 13:12:00,744 - INFO - Starting iteration 99
2025-05-23 13:12:00,744 - INFO - Using 158 MCTS simulations
2025-05-23 13:12:00,744 - INFO - Starting iteration 100
2025-05-23 13:12:00,744 - INFO - Using 160 MCTS simulations
2025-05-23 13:12:00,744 - INFO - Starting iteration 1
