2025-05-23 12:13:08,458 - INFO - Logger initialized. Logs will be saved to logs\training_20250523_121308.log
2025-05-23 12:13:08,458 - INFO - Starting training process
2025-05-23 12:13:08,459 - INFO - Using device: cuda
2025-05-23 12:13:08,459 - INFO - CUDNN benchmark enabled for RTX 4070 optimization
2025-05-23 12:13:08,459 - INFO - CUDA graphs enabled for repeated operations
2025-05-23 12:13:08,459 - INFO - CUDA graph batch size: 256
2025-05-23 12:13:08,459 - INFO - CUDA graph warmup iterations: 3
2025-05-23 12:13:08,459 - INFO - Creating new model
2025-05-23 12:13:09,253 - INFO - Starting iteration 1
2025-05-23 12:13:09,255 - INFO - Using 100 MCTS simulations
2025-05-23 12:13:09,255 - INFO - Starting iteration 2
2025-05-23 12:13:09,255 - INFO - Using 100 MCTS simulations
2025-05-23 12:13:09,256 - INFO - Starting iteration 3
2025-05-23 12:13:09,256 - INFO - Using 100 MCTS simulations
2025-05-23 12:13:09,256 - INFO - Starting iteration 4
2025-05-23 12:13:09,256 - INFO - Using 100 MCTS simulations
2025-05-23 12:13:09,256 - INFO - Starting iteration 5
2025-05-23 12:13:09,256 - INFO - Using 100 MCTS simulations
2025-05-23 12:13:09,257 - INFO - Starting iteration 6
2025-05-23 12:13:09,257 - INFO - Using 100 MCTS simulations
2025-05-23 12:13:09,257 - INFO - Starting iteration 7
2025-05-23 12:13:09,257 - INFO - Using 100 MCTS simulations
2025-05-23 12:13:09,257 - INFO - Starting iteration 8
2025-05-23 12:13:09,257 - INFO - Using 100 MCTS simulations
2025-05-23 12:13:09,257 - INFO - Starting iteration 9
2025-05-23 12:13:09,257 - INFO - Using 100 MCTS simulations
2025-05-23 12:13:09,258 - INFO - Starting iteration 10
2025-05-23 12:13:09,258 - INFO - Using 100 MCTS simulations
2025-05-23 12:13:09,258 - INFO - Starting iteration 11
2025-05-23 12:13:09,258 - INFO - Using 100 MCTS simulations
2025-05-23 12:13:09,258 - INFO - Starting iteration 12
2025-05-23 12:13:09,258 - INFO - Using 100 MCTS simulations
2025-05-23 12:13:09,258 - INFO - Starting iteration 13
2025-05-23 12:13:09,258 - INFO - Using 100 MCTS simulations
2025-05-23 12:13:09,258 - INFO - Starting iteration 14
2025-05-23 12:13:09,259 - INFO - Using 100 MCTS simulations
2025-05-23 12:13:09,259 - INFO - Starting iteration 15
2025-05-23 12:13:09,259 - INFO - Using 100 MCTS simulations
2025-05-23 12:13:09,259 - INFO - Starting iteration 16
2025-05-23 12:13:09,259 - INFO - Using 100 MCTS simulations
2025-05-23 12:13:09,259 - INFO - Starting iteration 17
2025-05-23 12:13:09,259 - INFO - Using 100 MCTS simulations
2025-05-23 12:13:09,259 - INFO - Starting iteration 18
2025-05-23 12:13:09,260 - INFO - Using 100 MCTS simulations
2025-05-23 12:13:09,260 - INFO - Starting iteration 19
2025-05-23 12:13:09,260 - INFO - Using 100 MCTS simulations
2025-05-23 12:13:09,260 - INFO - Starting iteration 20
2025-05-23 12:13:09,260 - INFO - Using 100 MCTS simulations
2025-05-23 12:13:09,260 - INFO - Starting iteration 21
2025-05-23 12:13:09,260 - INFO - Using 100 MCTS simulations
2025-05-23 12:13:09,260 - INFO - Starting iteration 22
2025-05-23 12:13:09,261 - INFO - Using 100 MCTS simulations
2025-05-23 12:13:09,261 - INFO - Starting iteration 23
2025-05-23 12:13:09,261 - INFO - Using 100 MCTS simulations
2025-05-23 12:13:09,261 - INFO - Starting iteration 24
2025-05-23 12:13:09,261 - INFO - Using 100 MCTS simulations
2025-05-23 12:13:09,261 - INFO - Starting iteration 25
2025-05-23 12:13:09,261 - INFO - Using 100 MCTS simulations
2025-05-23 12:13:09,262 - INFO - Starting iteration 26
2025-05-23 12:13:09,262 - INFO - Using 100 MCTS simulations
2025-05-23 12:13:09,262 - INFO - Starting iteration 27
2025-05-23 12:13:09,262 - INFO - Using 100 MCTS simulations
2025-05-23 12:13:09,262 - INFO - Starting iteration 28
2025-05-23 12:13:09,262 - INFO - Using 100 MCTS simulations
2025-05-23 12:13:09,262 - INFO - Starting iteration 29
2025-05-23 12:13:09,262 - INFO - Using 100 MCTS simulations
2025-05-23 12:13:09,263 - INFO - Starting iteration 30
2025-05-23 12:13:09,263 - INFO - Using 100 MCTS simulations
2025-05-23 12:13:09,263 - INFO - Starting iteration 31
2025-05-23 12:13:09,263 - INFO - Using 100 MCTS simulations
2025-05-23 12:13:09,263 - INFO - Starting iteration 32
2025-05-23 12:13:09,263 - INFO - Using 100 MCTS simulations
2025-05-23 12:13:09,263 - INFO - Starting iteration 33
2025-05-23 12:13:09,263 - INFO - Using 100 MCTS simulations
2025-05-23 12:13:09,263 - INFO - Starting iteration 34
2025-05-23 12:13:09,264 - INFO - Using 100 MCTS simulations
2025-05-23 12:13:09,264 - INFO - Starting iteration 35
2025-05-23 12:13:09,264 - INFO - Using 100 MCTS simulations
2025-05-23 12:13:09,264 - INFO - Starting iteration 36
2025-05-23 12:13:09,264 - INFO - Using 100 MCTS simulations
2025-05-23 12:13:09,264 - INFO - Starting iteration 37
2025-05-23 12:13:09,264 - INFO - Using 100 MCTS simulations
2025-05-23 12:13:09,264 - INFO - Starting iteration 38
2025-05-23 12:13:09,265 - INFO - Using 100 MCTS simulations
2025-05-23 12:13:09,265 - INFO - Starting iteration 39
2025-05-23 12:13:09,265 - INFO - Using 100 MCTS simulations
2025-05-23 12:13:09,265 - INFO - Starting iteration 40
2025-05-23 12:13:09,265 - INFO - Using 100 MCTS simulations
2025-05-23 12:13:09,265 - INFO - Starting iteration 41
2025-05-23 12:13:09,265 - INFO - Using 100 MCTS simulations
2025-05-23 12:13:09,265 - INFO - Starting iteration 42
2025-05-23 12:13:09,265 - INFO - Using 100 MCTS simulations
2025-05-23 12:13:09,266 - INFO - Starting iteration 43
2025-05-23 12:13:09,266 - INFO - Using 100 MCTS simulations
2025-05-23 12:13:09,266 - INFO - Starting iteration 44
2025-05-23 12:13:09,266 - INFO - Using 100 MCTS simulations
2025-05-23 12:13:09,266 - INFO - Starting iteration 45
2025-05-23 12:13:09,266 - INFO - Using 100 MCTS simulations
2025-05-23 12:13:09,266 - INFO - Starting iteration 46
2025-05-23 12:13:09,266 - INFO - Using 100 MCTS simulations
2025-05-23 12:13:09,266 - INFO - Starting iteration 47
2025-05-23 12:13:09,267 - INFO - Using 100 MCTS simulations
2025-05-23 12:13:09,267 - INFO - Starting iteration 48
2025-05-23 12:13:09,267 - INFO - Using 100 MCTS simulations
2025-05-23 12:13:09,267 - INFO - Starting iteration 49
2025-05-23 12:13:09,267 - INFO - Using 100 MCTS simulations
2025-05-23 12:13:09,267 - INFO - Starting iteration 50
2025-05-23 12:13:09,267 - INFO - Using 100 MCTS simulations
2025-05-23 12:13:09,267 - INFO - Starting iteration 51
2025-05-23 12:13:09,268 - INFO - Using 100 MCTS simulations
2025-05-23 12:13:09,268 - INFO - Starting iteration 52
2025-05-23 12:13:09,268 - INFO - Using 100 MCTS simulations
2025-05-23 12:13:09,268 - INFO - Starting iteration 53
2025-05-23 12:13:09,268 - INFO - Using 100 MCTS simulations
2025-05-23 12:13:09,268 - INFO - Starting iteration 54
2025-05-23 12:13:09,268 - INFO - Using 100 MCTS simulations
2025-05-23 12:13:09,268 - INFO - Starting iteration 55
2025-05-23 12:13:09,269 - INFO - Using 100 MCTS simulations
2025-05-23 12:13:09,269 - INFO - Starting iteration 56
2025-05-23 12:13:09,269 - INFO - Using 100 MCTS simulations
2025-05-23 12:13:09,269 - INFO - Starting iteration 57
2025-05-23 12:13:09,269 - INFO - Using 100 MCTS simulations
2025-05-23 12:13:09,269 - INFO - Starting iteration 58
2025-05-23 12:13:09,269 - INFO - Using 100 MCTS simulations
2025-05-23 12:13:09,269 - INFO - Starting iteration 59
2025-05-23 12:13:09,269 - INFO - Using 100 MCTS simulations
2025-05-23 12:13:09,270 - INFO - Starting iteration 60
2025-05-23 12:13:09,270 - INFO - Using 100 MCTS simulations
2025-05-23 12:13:09,270 - INFO - Starting iteration 61
2025-05-23 12:13:09,270 - INFO - Using 100 MCTS simulations
2025-05-23 12:13:09,270 - INFO - Starting iteration 62
2025-05-23 12:13:09,270 - INFO - Using 100 MCTS simulations
2025-05-23 12:13:09,270 - INFO - Starting iteration 63
2025-05-23 12:13:09,270 - INFO - Using 100 MCTS simulations
2025-05-23 12:13:09,270 - INFO - Starting iteration 64
2025-05-23 12:13:09,271 - INFO - Using 102 MCTS simulations
2025-05-23 12:13:09,271 - INFO - Starting iteration 65
2025-05-23 12:13:09,271 - INFO - Using 104 MCTS simulations
2025-05-23 12:13:09,271 - INFO - Starting iteration 66
2025-05-23 12:13:09,271 - INFO - Using 105 MCTS simulations
2025-05-23 12:13:09,271 - INFO - Starting iteration 67
2025-05-23 12:13:09,271 - INFO - Using 107 MCTS simulations
2025-05-23 12:13:09,271 - INFO - Starting iteration 68
2025-05-23 12:13:09,272 - INFO - Using 108 MCTS simulations
2025-05-23 12:13:09,272 - INFO - Starting iteration 69
2025-05-23 12:13:09,272 - INFO - Using 110 MCTS simulations
2025-05-23 12:13:09,272 - INFO - Starting iteration 70
2025-05-23 12:13:09,272 - INFO - Using 112 MCTS simulations
2025-05-23 12:13:09,272 - INFO - Starting iteration 71
2025-05-23 12:13:09,272 - INFO - Using 113 MCTS simulations
2025-05-23 12:13:09,272 - INFO - Starting iteration 72
2025-05-23 12:13:09,272 - INFO - Using 115 MCTS simulations
2025-05-23 12:13:09,273 - INFO - Starting iteration 73
2025-05-23 12:13:09,273 - INFO - Using 116 MCTS simulations
2025-05-23 12:13:09,273 - INFO - Starting iteration 74
2025-05-23 12:13:09,273 - INFO - Using 118 MCTS simulations
2025-05-23 12:13:09,273 - INFO - Starting iteration 75
2025-05-23 12:13:09,273 - INFO - Using 120 MCTS simulations
2025-05-23 12:13:09,273 - INFO - Starting iteration 76
2025-05-23 12:13:09,273 - INFO - Using 121 MCTS simulations
2025-05-23 12:13:09,274 - INFO - Starting iteration 77
2025-05-23 12:13:09,274 - INFO - Using 123 MCTS simulations
2025-05-23 12:13:09,274 - INFO - Starting iteration 78
2025-05-23 12:13:09,274 - INFO - Using 124 MCTS simulations
2025-05-23 12:13:09,274 - INFO - Starting iteration 79
2025-05-23 12:13:09,274 - INFO - Using 126 MCTS simulations
2025-05-23 12:13:09,274 - INFO - Starting iteration 80
2025-05-23 12:13:09,274 - INFO - Using 128 MCTS simulations
2025-05-23 12:13:09,274 - INFO - Starting iteration 81
2025-05-23 12:13:09,275 - INFO - Using 129 MCTS simulations
2025-05-23 12:13:09,275 - INFO - Starting iteration 82
2025-05-23 12:13:09,275 - INFO - Using 131 MCTS simulations
2025-05-23 12:13:09,275 - INFO - Starting iteration 83
2025-05-23 12:13:09,275 - INFO - Using 132 MCTS simulations
2025-05-23 12:13:09,275 - INFO - Starting iteration 84
2025-05-23 12:13:09,275 - INFO - Using 134 MCTS simulations
2025-05-23 12:13:09,276 - INFO - Starting iteration 85
2025-05-23 12:13:09,276 - INFO - Using 136 MCTS simulations
2025-05-23 12:13:09,276 - INFO - Starting iteration 86
2025-05-23 12:13:09,276 - INFO - Using 137 MCTS simulations
2025-05-23 12:13:09,276 - INFO - Starting iteration 87
2025-05-23 12:13:09,276 - INFO - Using 139 MCTS simulations
2025-05-23 12:13:09,276 - INFO - Starting iteration 88
2025-05-23 12:13:09,276 - INFO - Using 140 MCTS simulations
2025-05-23 12:13:09,276 - INFO - Starting iteration 89
2025-05-23 12:13:09,277 - INFO - Using 142 MCTS simulations
2025-05-23 12:13:09,277 - INFO - Starting iteration 90
2025-05-23 12:13:09,277 - INFO - Using 144 MCTS simulations
2025-05-23 12:13:09,277 - INFO - Starting iteration 91
2025-05-23 12:13:09,277 - INFO - Using 145 MCTS simulations
2025-05-23 12:13:09,277 - INFO - Starting iteration 92
2025-05-23 12:13:09,277 - INFO - Using 147 MCTS simulations
2025-05-23 12:13:09,277 - INFO - Starting iteration 93
2025-05-23 12:13:09,277 - INFO - Using 148 MCTS simulations
2025-05-23 12:13:09,278 - INFO - Starting iteration 94
2025-05-23 12:13:09,278 - INFO - Using 150 MCTS simulations
2025-05-23 12:13:09,278 - INFO - Starting iteration 95
2025-05-23 12:13:09,278 - INFO - Using 152 MCTS simulations
2025-05-23 12:13:09,278 - INFO - Starting iteration 96
2025-05-23 12:13:09,278 - INFO - Using 153 MCTS simulations
2025-05-23 12:13:09,278 - INFO - Starting iteration 97
2025-05-23 12:13:09,278 - INFO - Using 155 MCTS simulations
2025-05-23 12:13:09,279 - INFO - Starting iteration 98
2025-05-23 12:13:09,279 - INFO - Using 156 MCTS simulations
2025-05-23 12:13:09,279 - INFO - Starting iteration 99
2025-05-23 12:13:09,279 - INFO - Using 158 MCTS simulations
2025-05-23 12:13:09,279 - INFO - Starting iteration 100
2025-05-23 12:13:09,279 - INFO - Using 160 MCTS simulations
2025-05-23 12:13:09,279 - INFO - Starting iteration 1
2025-05-23 12:13:44,074 - INFO - Game 0: Draw in 27 moves
2025-05-23 12:13:57,323 - INFO - Game 1: Draw in 11 moves
2025-05-23 12:14:29,823 - INFO - Game 2: Draw in 22 moves
2025-05-23 12:15:03,829 - INFO - Game 3: Draw in 25 moves
2025-05-23 12:15:28,622 - INFO - Game 4: Draw in 19 moves
2025-05-23 12:16:34,738 - INFO - Game 5: Draw in 42 moves
2025-05-23 12:16:52,128 - INFO - Game 6: Draw in 14 moves
2025-05-23 12:17:08,206 - INFO - Game 7: Draw in 15 moves
2025-05-23 12:18:01,801 - INFO - Game 8: Draw in 32 moves
2025-05-23 12:18:19,597 - INFO - Game 9: Draw in 13 moves
2025-05-23 12:19:01,768 - INFO - Game 10: Draw in 30 moves
2025-05-23 12:19:23,565 - INFO - Game 11: Draw in 16 moves
2025-05-23 12:19:40,976 - INFO - Game 12: Draw in 15 moves
2025-05-23 12:20:31,529 - INFO - Game 13: Draw in 36 moves
2025-05-23 12:20:44,874 - INFO - Game 14: Draw in 14 moves
2025-05-23 12:20:56,450 - INFO - Game 15: Draw in 12 moves
2025-05-23 12:21:26,858 - INFO - Game 16: Draw in 22 moves
2025-05-23 12:21:51,893 - INFO - Game 17: Draw in 21 moves
2025-05-23 12:22:10,215 - INFO - Game 18: Draw in 14 moves
2025-05-23 12:22:21,385 - INFO - Game 19: Draw in 10 moves
2025-05-23 12:22:42,170 - INFO - Game 20: Draw in 17 moves
2025-05-23 12:23:02,586 - INFO - Game 21: Draw in 19 moves
2025-05-23 12:23:18,982 - INFO - Game 22: Draw in 12 moves
2025-05-23 12:24:37,573 - INFO - Game 23: Draw in 51 moves
2025-05-23 12:25:10,129 - INFO - Game 24: Draw in 21 moves
2025-05-23 12:25:23,279 - INFO - Game 25: Draw in 16 moves
2025-05-23 12:25:39,960 - INFO - Game 26: Draw in 14 moves
2025-05-23 12:26:25,346 - INFO - Game 27: Draw in 33 moves
2025-05-23 12:26:55,260 - INFO - Game 28: Draw in 23 moves
2025-05-23 12:27:08,303 - INFO - Game 29: Draw in 12 moves
2025-05-23 12:27:31,966 - INFO - Game 30: Draw in 20 moves
